20321202

---------------------------------------------------------------------------------------------------
contentFile=cards/ICAM_Card_Objects/01_Golden_PIV/9 - Fingerprints
securityObjectFile=cards/ICAM_Card_Objects/46_Golden_FIPS_201-2_PIV/2 - Security Object
updateSecurityObject=Y
fascnOid=2.16.840.1.101.3.6.6
fascn=D13810D828AF2C1084246DA1685828AF0210848D84E739C3EB
uuidOid=1.3.6.1.1.16.4
uuid=a011bc89-956f-4d2a-89bf-9c5fa0725362
cardholderUuid=db175391-4749-4a32-977d-7a3843775e8a
# Expiration date here is the validTo date of the biometric
expirationDate=20321202000000
signingKeyFile=cards/ICAM_Card_Objects/ICAM_CA_and_Signer/ICAM_Test_Card_PIV_Content_Signer_-_gold_gen3.p12
keyAlias=ICAM Test Card PIV Content Signer - gold gen3
passcode=
digestAlgorithm=SHA-256
signatureAlgorithm=RSA"
---------------------------------------------------------------------------------------------------
contentFile=cards/ICAM_Card_Objects/01_Golden_PIV/10 - Face Object
securityObjectFile=cards/ICAM_Card_Objects/46_Golden_FIPS_201-2_PIV/2 - Security Object
updateSecurityObject=Y
fascnOid=2.16.840.1.101.3.6.6
fascn=D13810D828AF2C1084246DA1685828AF0210848D84E739C3EB
uuidOid=1.3.6.1.1.16.4
uuid=a011bc89-956f-4d2a-89bf-9c5fa0725362
cardholderUuid=db175391-4749-4a32-977d-7a3843775e8a
# Expiration date here is the validTo date of the biometric
expirationDate=20321202000000
signingKeyFile=cards/ICAM_Card_Objects/ICAM_CA_and_Signer/ICAM_Test_Card_PIV_Content_Signer_-_gold_gen3.p12
keyAlias=ICAM Test Card PIV Content Signer - gold gen3
passcode=
digestAlgorithm=SHA-256
signatureAlgorithm=RSA"
---------------------------------------------------------------------------------------------------
